<?xml version="1.0" encoding="UTF-8"?>
<!-- Generated by org.testng.reporters.JUnitReportReporter -->
<testsuite skipped="0" hostname="Ankit" name="com.vitamojo.Demo_API_RestAssured.TestCases.ValidateCreateCustomerAPI" tests="2" failures="0" timestamp="27 Dec 2019 16:19:06 GMT" time="6.937" errors="0">
  <testcase name="validateCreateCustomerAPIWithInvalidAuthKey" time="4.682" classname="com.vitamojo.Demo_API_RestAssured.TestCases.ValidateCreateCustomerAPI"/>
  <testcase name="validateCreateCustomerAPIWithValidAuthKey" time="2.255" classname="com.vitamojo.Demo_API_RestAssured.TestCases.ValidateCreateCustomerAPI"/>
</testsuite> <!-- com.vitamojo.Demo_API_RestAssured.TestCases.ValidateCreateCustomerAPI -->
