<?xml version="1.0" encoding="UTF-8"?>
<!-- Generated by org.testng.reporters.JUnitReportReporter -->
<testsuite skipped="0" hostname="Ankit" name="com.vitamojo.Demo_API_RestAssured.TestCases.ValidateUpdateCustomerAPI" tests="1" failures="0" timestamp="27 Dec 2019 16:55:57 GMT" time="5.787" errors="0">
  <testcase name="validateUpdateCustomerAPIWithValidAuthKey" time="5.787" classname="com.vitamojo.Demo_API_RestAssured.TestCases.ValidateUpdateCustomerAPI"/>
</testsuite> <!-- com.vitamojo.Demo_API_RestAssured.TestCases.ValidateUpdateCustomerAPI -->
