<?xml version="1.0" encoding="UTF-8"?>
<!-- Generated by org.testng.reporters.JUnitReportReporter -->
<testsuite skipped="0" hostname="Ankit" name="com.vitamojo.Demo_API_RestAssured.TestCases.ValidateUpdateCustomerAPI" tests="1" failures="0" timestamp="01 Jan 2020 07:56:45 GMT" time="5.041" errors="0">
  <testcase name="validateUpdateCustomerAPIWithValidAuthKey" time="5.041" classname="com.vitamojo.Demo_API_RestAssured.TestCases.ValidateUpdateCustomerAPI"/>
</testsuite> <!-- com.vitamojo.Demo_API_RestAssured.TestCases.ValidateUpdateCustomerAPI -->
